<?xml version="1.0" encoding="UTF-8"?>
<!-- Generated by org.testng.reporters.JUnitReportReporter -->
<testsuite hostname="DESKTOP-K8C255O" failures="0" tests="6" name="testNG.Data_Provider" time="0.078" errors="0" timestamp="2022-05-25T10:04:13 GMT-07:00" skipped="0">
  <testcase classname="testNG.Data_Provider" name="aoutomation_Runner" time="0.009"/>
  <system-out/>
  <testcase classname="testNG.Data_Provider" name="aoutomation_Runner" time="0.009"/>
  <system-out/>
  <testcase classname="testNG.Data_Provider" name="adactin_Runner" time="0.020"/>
  <system-out/>
  <testcase classname="testNG.Data_Provider" name="adactin_Runner" time="0.008"/>
  <system-out/>
  <testcase classname="testNG.Data_Provider" name="adactin_Runner" time="0.005"/>
  <system-out/>
  <testcase classname="testNG.Data_Provider" name="aoutomation_Runner" time="0.027"/>
  <system-out/>
</testsuite> <!-- testNG.Data_Provider -->
