<?xml version="1.0" encoding="UTF-8"?>
<!-- Generated by org.testng.reporters.JUnitReportReporter -->
<testsuite hostname="DESKTOP-K8C255O" failures="0" tests="5" name="testNG.Invocation_Method" time="0.050" errors="0" timestamp="2022-05-25T09:44:06 GMT-07:00" skipped="0">
  <testcase classname="testNG.Invocation_Method" name="dhoni" time="0.021"/>
  <system-out/>
  <testcase classname="testNG.Invocation_Method" name="jadu" time="0.006"/>
  <system-out/>
  <testcase classname="testNG.Invocation_Method" name="raina" time="0.007"/>
  <system-out/>
  <testcase classname="testNG.Invocation_Method" name="raina" time="0.008"/>
  <system-out/>
  <testcase classname="testNG.Invocation_Method" name="raina" time="0.008"/>
  <system-out/>
</testsuite> <!-- testNG.Invocation_Method -->
