<?xml version="1.0" encoding="UTF-8"?>
<!-- Generated by org.testng.reporters.JUnitReportReporter -->
<testsuite hostname="DESKTOP-K8C255O" failures="0" tests="5" name="testNG.Grouping_Methods" time="0.074" errors="0" timestamp="2022-05-15T20:54:25 GMT-07:00" skipped="0">
  <testcase classname="testNG.Grouping_Methods" name="FAF" time="0.022"/>
  <system-out/>
  <testcase classname="testNG.Grouping_Methods" name="JADU" time="0.010"/>
  <system-out/>
  <testcase classname="testNG.Grouping_Methods" name="KOHLI" time="0.016"/>
  <system-out/>
  <testcase classname="testNG.Grouping_Methods" name="ROHIT" time="0.017"/>
  <system-out/>
  <testcase classname="testNG.Grouping_Methods" name="MSD" time="0.009"/>
  <system-out/>
</testsuite> <!-- testNG.Grouping_Methods -->
