<?xml version="1.0" encoding="UTF-8"?>
<!-- Generated by org.testng.reporters.JUnitReportReporter -->
<testsuite hostname="DESKTOP-K8C255O" failures="0" tests="2" name="testNG.Muliti_Threading" time="0.060" errors="0" timestamp="2022-05-25T10:13:26 GMT-07:00" skipped="0">
  <testcase classname="testNG.Muliti_Threading" name="password" time="0.031"/>
  <system-out/>
  <testcase classname="testNG.Muliti_Threading" name="usrname" time="0.029"/>
  <system-out/>
</testsuite> <!-- testNG.Muliti_Threading -->
