<?xml version="1.0" encoding="UTF-8"?>
<!-- Generated by org.testng.reporters.JUnitReportReporter -->
<testsuite hostname="DESKTOP-K8C255O" failures="0" tests="1" name="testNG.Parameterized_Test" time="0.018" errors="0" timestamp="2022-05-05T11:32:31 GMT-07:00" skipped="0">
  <testcase classname="testNG.Parameterized_Test" name="credentials" time="0.018"/>
  <system-out/>
</testsuite> <!-- testNG.Parameterized_Test -->
