<?xml version="1.0" encoding="UTF-8"?>
<!-- Generated by org.testng.reporters.JUnitReportReporter -->
<testsuite hostname="DESKTOP-K8C255O" failures="0" tests="4" name="testNG.Grouds_Of_Group" time="0.079" errors="0" timestamp="2022-05-04T19:56:59 GMT-07:00" skipped="0">
  <testcase classname="testNG.Grouds_Of_Group" name="kohli" time="0.006"/>
  <system-out/>
  <testcase classname="testNG.Grouds_Of_Group" name="abd" time="0.029"/>
  <system-out/>
  <testcase classname="testNG.Grouds_Of_Group" name="messi" time="0.008"/>
  <system-out/>
  <testcase classname="testNG.Grouds_Of_Group" name="ronaldo" time="0.036"/>
  <system-out/>
</testsuite> <!-- testNG.Grouds_Of_Group -->
