<?xml version="1.0" encoding="UTF-8"?>
<!-- Generated by org.testng.reporters.JUnitReportReporter -->
<testsuite hostname="DESKTOP-K8C255O" failures="0" tests="1" name="testNG.Timeout_Test" time="6.061" errors="0" timestamp="2022-04-19T14:37:07 GMT-07:00" skipped="0">
  <testcase classname="testNG.Timeout_Test" name="Browser_Execution" time="6.061"/>
  <system-out/>
</testsuite> <!-- testNG.Timeout_Test -->
