<?xml version="1.0" encoding="UTF-8"?>
<!-- Generated by org.testng.reporters.JUnitReportReporter -->
<testsuite hostname="DESKTOP-K8C255O" failures="0" tests="4" name="practice.Samle" time="0.041" errors="0" timestamp="2022-05-04T20:15:48 GMT-07:00" skipped="0">
  <testcase classname="practice.Samle" name="popcorn" time="0.021"/>
  <system-out/>
  <testcase classname="practice.Samle" name="bodi" time="0.005"/>
  <system-out/>
  <testcase classname="practice.Samle" name="goat" time="0.007"/>
  <system-out/>
  <testcase classname="practice.Samle" name="cat" time="0.008"/>
  <system-out/>
</testsuite> <!-- practice.Samle -->
