<?xml version="1.0" encoding="UTF-8"?>
<!-- Generated by org.testng.reporters.JUnitReportReporter -->
<testsuite hostname="DESKTOP-K8C255O" failures="0" tests="2" name="practice.Annotaion_Basic" time="0.023" errors="0" timestamp="2022-05-04T18:48:15 GMT-07:00" skipped="0">
  <testcase classname="practice.Annotaion_Basic" name="frnds" time="0.015"/>
  <system-out/>
  <testcase classname="practice.Annotaion_Basic" name="kovil" time="0.008"/>
  <system-out/>
</testsuite> <!-- practice.Annotaion_Basic -->
