<?xml version="1.0" encoding="UTF-8"?>
<!-- Generated by org.testng.reporters.JUnitReportReporter -->
<testsuite hostname="DESKTOP-K8C255O" failures="0" tests="3" name="practice.SampleTest" time="0.036" errors="0" timestamp="2022-05-05T12:26:52 GMT-07:00" skipped="0">
  <testcase classname="practice.SampleTest" name="colleage" time="0.021"/>
  <system-out/>
  <testcase classname="practice.SampleTest" name="school" time="0.008"/>
  <system-out/>
  <testcase classname="practice.SampleTest" name="google" time="0.007"/>
  <system-out/>
</testsuite> <!-- practice.SampleTest -->
