<?xml version="1.0" encoding="UTF-8"?>
<!-- Generated by org.testng.reporters.JUnitReportReporter -->
<testsuite hostname="DESKTOP-K8C255O" failures="0" tests="3" name="testNG.Ignore_concept" time="0.033" errors="0" timestamp="2022-05-15T20:45:56 GMT-07:00" skipped="1">
  <testcase classname="testNG.Ignore_concept" name="ODI" time="0.022"/>
  <system-out/>
  <testcase classname="testNG.Ignore_concept" name="twenty20" time="0.011"/>
  <system-out/>
  <testcase classname="testNG.Ignore_concept" name="testcricket">
    <skipped/>
  </testcase> <!-- testcricket -->
  <system-out/>
</testsuite> <!-- testNG.Ignore_concept -->
