<?xml version="1.0" encoding="UTF-8"?>
<!-- Generated by org.testng.reporters.JUnitReportReporter -->
<testsuite hostname="DESKTOP-K8C255O" failures="0" tests="1" name="testNG.HardAssert_Concept" time="0.024" errors="0" timestamp="2022-05-05T11:34:34 GMT-07:00" skipped="0">
  <testcase classname="testNG.HardAssert_Concept" name="username" time="0.024"/>
  <system-out/>
</testsuite> <!-- testNG.HardAssert_Concept -->
