<?xml version="1.0" encoding="UTF-8"?>
<!-- Generated by org.testng.reporters.JUnitReportReporter -->
<testsuite hostname="DESKTOP-K8C255O" failures="0" tests="1" name="testNG.Soft_Assert" time="0.032" errors="0" timestamp="2022-05-04T22:08:45 GMT-07:00" skipped="0">
  <testcase classname="testNG.Soft_Assert" name="username" time="0.032"/>
  <system-out/>
</testsuite> <!-- testNG.Soft_Assert -->
